2025-02-20 21:03:02,054 - INFO - Loading preprocessed data and models...
2025-02-20 21:03:02,059 - ERROR - Error loading data/models: File not found: data/processed_data.pkl
2025-02-20 21:51:39,543 - INFO - Loading preprocessed data and models...
2025-02-20 21:51:39,883 - ERROR - Error loading data/models: File not found: models/sentiment_model.pkl
2025-02-20 21:57:13,929 - INFO - Loading preprocessed data and models...
2025-02-20 21:57:14,319 - INFO - Data and models loaded successfully.
2025-02-20 21:57:19,019 - INFO - Loading preprocessed data and models...
2025-02-20 21:57:19,458 - INFO - Data and models loaded successfully.
2025-02-20 21:59:11,926 - INFO - Loading preprocessed data and models...
2025-02-20 21:59:12,297 - INFO - Data and models loaded successfully.
2025-02-20 21:59:17,209 - INFO - Loading preprocessed data and models...
2025-02-20 21:59:17,621 - INFO - Data and models loaded successfully.
2025-02-20 22:18:29,756 - INFO - Loading preprocessed data and models...
2025-02-20 22:18:30,122 - INFO - Data and models loaded successfully.
2025-02-20 22:18:38,955 - INFO - Loading preprocessed data and models...
2025-02-20 22:18:39,513 - INFO - Data and models loaded successfully.
2025-02-20 22:18:41,150 - INFO - Loading preprocessed data and models...
2025-02-20 22:18:41,572 - INFO - Data and models loaded successfully.
2025-02-20 22:26:30,021 - INFO - Loading preprocessed data and models...
2025-02-20 22:26:30,367 - INFO - Data and models loaded successfully.
2025-02-20 22:26:37,045 - INFO - Loading preprocessed data and models...
2025-02-20 22:26:37,966 - INFO - Data and models loaded successfully.
2025-02-20 22:26:40,217 - INFO - Loading preprocessed data and models...
2025-02-20 22:26:41,053 - INFO - Data and models loaded successfully.
2025-02-20 22:30:08,477 - INFO - Loading preprocessed data and models...
2025-02-20 22:30:08,753 - INFO - Data and models loaded successfully.
2025-02-20 23:30:27,758 - INFO - Loading preprocessed data and models...
2025-02-20 23:30:28,075 - INFO - Data and models loaded successfully.
2025-02-20 23:30:37,202 - INFO - Loading preprocessed data and models...
2025-02-20 23:30:37,618 - INFO - Data and models loaded successfully.
2025-02-20 23:44:09,392 - INFO - Loading preprocessed data and models...
2025-02-20 23:44:09,690 - INFO - Data and models loaded successfully.
2025-02-20 23:44:13,350 - INFO - Loading preprocessed data and models...
2025-02-20 23:44:13,750 - INFO - Data and models loaded successfully.
2025-02-21 00:08:21,956 - INFO - Loading preprocessed data and models...
2025-02-21 00:08:22,349 - INFO - Data and models loaded successfully.
2025-02-21 00:08:31,011 - INFO - Loading preprocessed data and models...
2025-02-21 00:08:31,488 - INFO - Data and models loaded successfully.
2025-02-21 00:20:27,868 - INFO - Loading preprocessed data and models...
2025-02-21 00:20:28,221 - INFO - Data and models loaded successfully.
2025-02-21 00:20:31,940 - INFO - Loading preprocessed data and models...
2025-02-21 00:20:32,335 - INFO - Data and models loaded successfully.
2025-02-23 16:35:05,762 - INFO - Loading preprocessed data and models...
2025-02-23 16:35:05,842 - INFO - Data and models loaded successfully.
2025-02-23 16:35:10,249 - INFO - Loading preprocessed data and models...
2025-02-23 16:35:10,290 - INFO - Data and models loaded successfully.
2025-02-23 17:39:32,181 - INFO - Loading preprocessed data and models...
2025-02-23 17:39:32,228 - INFO - Data and models loaded successfully.
2025-02-23 17:39:36,957 - INFO - Loading preprocessed data and models...
2025-02-23 17:39:36,970 - INFO - Data and models loaded successfully.
2025-02-23 17:39:39,874 - INFO - Loading preprocessed data and models...
2025-02-23 17:39:39,885 - INFO - Data and models loaded successfully.
2025-02-23 17:47:15,316 - INFO - Loading preprocessed data and models...
2025-02-23 17:47:15,322 - ERROR - Error loading data/models: name 'df' is not defined
2025-02-23 17:47:51,832 - INFO - Loading preprocessed data and models...
2025-02-23 17:47:51,849 - INFO - Data and models loaded successfully.
2025-02-23 17:47:57,360 - INFO - Loading preprocessed data and models...
2025-02-23 17:47:57,409 - INFO - Data and models loaded successfully.
2025-02-23 17:55:40,872 - INFO - Loading preprocessed data and models...
2025-02-23 17:55:40,912 - INFO - Data and models loaded successfully.
2025-02-23 17:55:43,311 - INFO - Loading preprocessed data and models...
2025-02-23 17:55:43,362 - INFO - Data and models loaded successfully.
2025-02-23 18:00:14,638 - INFO - Loading preprocessed data and models...
2025-02-23 18:00:14,649 - INFO - Data and models loaded successfully.
2025-02-23 18:00:19,805 - INFO - Loading preprocessed data and models...
2025-02-23 18:00:19,839 - INFO - Data and models loaded successfully.
2025-02-23 18:04:38,558 - INFO - Loading preprocessed data and models...
2025-02-23 18:04:38,569 - INFO - Data and models loaded successfully.
2025-02-23 18:04:43,025 - INFO - Loading preprocessed data and models...
2025-02-23 18:04:43,061 - INFO - Data and models loaded successfully.
2025-02-23 18:04:44,591 - INFO - Loading preprocessed data and models...
2025-02-23 18:04:44,600 - INFO - Data and models loaded successfully.
2025-02-23 18:06:11,772 - INFO - Loading preprocessed data and models...
2025-02-23 18:06:11,779 - INFO - Data and models loaded successfully.
2025-02-23 18:06:16,203 - INFO - Loading preprocessed data and models...
2025-02-23 18:06:16,222 - INFO - Data and models loaded successfully.
2025-02-23 18:06:17,272 - INFO - Loading preprocessed data and models...
2025-02-23 18:06:17,294 - INFO - Data and models loaded successfully.
2025-02-23 18:16:21,176 - INFO - Loading preprocessed data and models...
2025-02-23 18:16:21,238 - INFO - Data and models loaded successfully.
2025-02-23 18:16:24,295 - INFO - Loading preprocessed data and models...
2025-02-23 18:16:24,333 - INFO - Data and models loaded successfully.
2025-02-23 18:27:15,328 - INFO - Loading preprocessed data and models...
2025-02-23 18:27:15,341 - INFO - Data and models loaded successfully.
2025-02-23 18:27:25,606 - INFO - Loading preprocessed data and models...
2025-02-23 18:27:25,615 - INFO - Data and models loaded successfully.
2025-02-23 18:27:26,641 - INFO - Loading preprocessed data and models...
2025-02-23 18:27:26,648 - INFO - Data and models loaded successfully.
